2025-01-15 20:08:42 [INFO]: Connecting to MongoDB...
2025-01-15 20:08:44 [INFO]: MongoDB connection established successfully
2025-01-15 20:31:50 [INFO]: Connecting to MongoDB...
2025-01-15 20:31:55 [INFO]: MongoDB connection established successfully
2025-01-17 08:06:21 [INFO]: Connecting to MongoDB...
2025-01-17 08:06:44 [INFO]: MongoDB connection established successfully
2025-01-17 08:21:28 [INFO]: Connecting to MongoDB...
2025-01-17 08:21:30 [INFO]: MongoDB connection established successfully
2025-01-17 08:22:04 [INFO]: Connecting to MongoDB...
2025-01-17 08:22:06 [INFO]: MongoDB connection established successfully
2025-01-17 08:22:06 [INFO]: Database connected and ready to use
2025-01-17 09:16:03 [[32MINFO[39M]: [32mConnecting to MongoDB...[39m
2025-01-17 09:16:04 [[32MINFO[39M]: [32mMongoDB connection established successfully[39m
2025-01-17 09:16:04 [[32MINFO[39M]: [32mDatabase connected and ready to use[39m
2025-01-17 09:16:34 [INFO]: Connecting to MongoDB...
2025-01-17 09:16:36 [INFO]: MongoDB connection established successfully
2025-01-17 09:16:36 [INFO]: Database connected and ready to use
2025-01-17 09:19:41 [INFO]: Connecting to MongoDB...
2025-01-17 09:19:43 [INFO]: MongoDB connection established successfully
2025-01-17 09:19:43 [INFO]: Database connected and ready to use
undefined
undefined
undefined
2025-01-17 09:21:41 [[32MINFO[39M]: [32mConnecting to MongoDB...[39m
2025-01-17 09:21:43 [[32MINFO[39M]: [32mMongoDB connection established successfully[39m
2025-01-17 09:21:43 [[32MINFO[39M]: [32mDatabase connected and ready to use[39m
2025-01-17 09:23:48 [INFO]: Connecting to MongoDB...
2025-01-17 09:23:49 [INFO]: MongoDB connection established successfully
2025-01-17 09:23:49 [INFO]: Database connected and ready to use
2025-01-17 09:26:26 [[32MINFO[39M]: [32mConnecting to MongoDB...[39m
2025-01-17 09:26:28 [[32MINFO[39M]: [32mMongoDB connection established successfully[39m
2025-01-17 09:26:28 [[32MINFO[39M]: [32mDatabase connected and ready to use[39m
[32m2025-01-17 09:34:16 [INFO]: Connecting to MongoDB...[39m
[32m2025-01-17 09:34:17 [INFO]: MongoDB connection established successfully[39m
[32m2025-01-17 09:34:17 [INFO]: Database connected and ready to use[39m
[32m2025-01-17 09:35:35 [INFO]: Connecting to MongoDB...[39m
[32m2025-01-17 09:35:37 [INFO]: MongoDB connection established successfully[39m
[32m2025-01-17 09:35:37 [INFO]: Database connected and ready to use[39m
[32m2025-01-17 09:54:11 [INFO]: Connecting to MongoDB...[39m
[31m2025-01-17 09:54:11 [ERROR]: Failed to connect to MongoDB: querySrv ECONNREFUSED _mongodb._tcp.cluster0.fj9bpe7.mongodb.net[39m
[32m2025-01-25 17:16:33 [INFO]: Connecting to MongoDB...[39m
[32m2025-01-25 17:16:36 [INFO]: MongoDB connection established successfully[39m
[32m2025-01-25 17:16:36 [INFO]: Database connected and ready to use[39m
[32m2025-01-25 17:21:56 [INFO]: Client Sign-Up request received for email: engali1986ac@mail.com[39m
[32m2025-01-25 17:21:56 [INFO]: Client successfully registered: engali1986ac@mail.com[39m
[32m2025-01-25 17:24:24 [INFO]: Client Sign-Up request received for email: engali1986ac@mail.com[39m
[33m2025-01-25 17:24:24 [WARN]: Client already exists: engali1986ac@mail.com[39m
[32m2025-01-25 17:35:43 [INFO]: Client Sign-Up request received for email: engali1986ac@mail.com[39m
[32m2025-01-25 17:35:44 [INFO]: Client successfully registered: engali1986ac@mail.com[39m
[32m2025-01-27 19:31:37 [INFO]: Connecting to MongoDB...[39m
[32m2025-01-27 19:31:39 [INFO]: MongoDB connection established successfully[39m
[32m2025-01-27 19:31:39 [INFO]: Database connected and ready to use[39m
[32m2025-01-27 19:48:30 [INFO]: Connecting to MongoDB...[39m
[32m2025-01-27 19:48:32 [INFO]: MongoDB connection established successfully[39m
[32m2025-01-27 19:48:32 [INFO]: Database connected and ready to use[39m
[32m2025-01-27 19:50:06 [INFO]: Connecting to MongoDB...[39m
[32m2025-01-27 19:50:07 [INFO]: MongoDB connection established successfully[39m
[32m2025-01-27 19:50:07 [INFO]: Database connected and ready to use[39m
[32m2025-01-27 19:50:10 [INFO]: Client Sign-Up db Db { s: [Object], client: [MongoClient] }[39m
[32m2025-01-27 20:00:54 [INFO]: Connecting to MongoDB...[39m
[32m2025-01-27 20:00:56 [INFO]: MongoDB connection established successfully[39m
[32m2025-01-27 20:00:56 [INFO]: Database connected and ready to use[39m
[32m2025-01-27 20:02:56 [INFO]: Connecting to MongoDB...[39m
[32m2025-01-27 20:02:58 [INFO]: MongoDB connection established successfully[39m
[32m2025-01-27 20:02:58 [INFO]: Database connected and ready to use[39m
[32m2025-01-27 20:03:00 [INFO]: Client Sign-Up db Db { s: [Object], client: [MongoClient] }[39m
[32m2025-01-27 20:11:12 [INFO]: Connecting to MongoDB...[39m
[32m2025-01-27 20:11:14 [INFO]: MongoDB connection established successfully[39m
[32m2025-01-27 20:11:14 [INFO]: Database connected and ready to use[39m
[32m2025-01-27 20:11:19 [INFO]: Client Sign-Up db Db { s: [Object], client: [MongoClient] }[39m
[32m2025-01-27 20:11:19 [INFO]: Client Sign-Up request received for email: engali1986ac@mail.com[39m
[31m2025-01-27 20:11:20 [ERROR]: Error during Client Sign-Up: Invalid login: 535-5.7.8 Username and Password not accepted. For more information, go to[39m
[31m535 5.7.8  https://support.google.com/mail/?p=BadCredentials ffacd0b85a97d-38c2a1c4295sm11989456f8f.91 - gsmtp[39m
[32m2025-01-27 20:16:48 [INFO]: Connecting to MongoDB...[39m
[32m2025-01-27 20:16:50 [INFO]: MongoDB connection established successfully[39m
[32m2025-01-27 20:16:50 [INFO]: Database connected and ready to use[39m
[32m2025-01-27 20:16:55 [INFO]: Client Sign-Up db Db { s: [Object], client: [MongoClient] }[39m
[32m2025-01-27 20:16:55 [INFO]: Client Sign-Up request received for email: engali1986ac@mail.com[39m
[31m2025-01-27 20:16:56 [ERROR]: Error during Client Sign-Up: Invalid login: 535-5.7.8 Username and Password not accepted. For more information, go to[39m
[31m535 5.7.8  https://support.google.com/mail/?p=BadCredentials ffacd0b85a97d-38c2a18859asm11634418f8f.42 - gsmtp[39m
[32m2025-01-27 20:17:58 [INFO]: Client Sign-Up db Db { s: [Object], client: [MongoClient] }[39m
[32m2025-01-27 20:17:58 [INFO]: Client Sign-Up request received for email: engali1986ac@mail.com[39m
[31m2025-01-27 20:17:59 [ERROR]: Error during Client Sign-Up: Invalid login: 535-5.7.8 Username and Password not accepted. For more information, go to[39m
[31m535 5.7.8  https://support.google.com/mail/?p=BadCredentials 5b1f17b1804b1-438bd4d3dbcsm142883075e9.40 - gsmtp[39m
[32m2025-01-27 20:39:46 [INFO]: Client Sign-Up db Db { s: [Object], client: [MongoClient] }[39m
[32m2025-01-27 20:39:46 [INFO]: Client Sign-Up request received for email: engali1986ac@mail.com[39m
[31m2025-01-27 20:39:47 [ERROR]: Error during Client Sign-Up: Invalid login: 535-5.7.8 Username and Password not accepted. For more information, go to[39m
[31m535 5.7.8  https://support.google.com/mail/?p=BadCredentials 5b1f17b1804b1-438bd507c59sm140732825e9.17 - gsmtp[39m
[32m2025-01-27 20:55:03 [INFO]: Client Sign-Up db Db { s: [Object], client: [MongoClient] }[39m
[32m2025-01-27 20:55:03 [INFO]: Client Sign-Up request received for email: engali1986ac@mail.com[39m
[31m2025-01-27 20:55:04 [ERROR]: Error during Client Sign-Up: Invalid login: 535-5.7.8 Username and Password not accepted. For more information, go to[39m
[31m535 5.7.8  https://support.google.com/mail/?p=BadCredentials ffacd0b85a97d-38c2a1c4161sm11594008f8f.88 - gsmtp[39m
[32m2025-01-27 20:56:19 [INFO]: Client Sign-Up db Db { s: [Object], client: [MongoClient] }[39m
[32m2025-01-27 20:56:19 [INFO]: Client Sign-Up request received for email: engali1986ac@mail.com[39m
[31m2025-01-27 20:56:19 [ERROR]: Error during Client Sign-Up: Invalid login: 535-5.7.8 Username and Password not accepted. For more information, go to[39m
[31m535 5.7.8  https://support.google.com/mail/?p=BadCredentials ffacd0b85a97d-38c2a1c3fedsm11579032f8f.85 - gsmtp[39m
[32m2025-01-27 20:58:30 [INFO]: Client Sign-Up db Db { s: [Object], client: [MongoClient] }[39m
[32m2025-01-27 20:58:30 [INFO]: Client Sign-Up request received for email: engali1986ac@mail.com[39m
[31m2025-01-27 20:58:31 [ERROR]: Error during Client Sign-Up: Invalid login: 535-5.7.8 Username and Password not accepted. For more information, go to[39m
[31m535 5.7.8  https://support.google.com/mail/?p=BadCredentials ffacd0b85a97d-38c2a188915sm11740539f8f.41 - gsmtp[39m
[32m2025-01-28 20:22:27 [INFO]: Connecting to MongoDB...[39m
[32m2025-01-28 20:22:29 [INFO]: MongoDB connection established successfully[39m
[32m2025-01-28 20:22:29 [INFO]: Database connected and ready to use[39m
[32m2025-01-28 20:23:26 [INFO]: Client Sign-Up db Db { s: [Object], client: [MongoClient] }[39m
[32m2025-01-28 20:23:26 [INFO]: Client Sign-Up request received for email: engali1986ac@mail.com[39m
[32m2025-01-28 20:23:27 [INFO]: Verification email sent to: engali1986ac@mail.com[39m
[32m2025-01-31 08:39:31 [INFO]: Connecting to MongoDB...[39m
[32m2025-01-31 08:39:35 [INFO]: MongoDB connection established successfully[39m
[32m2025-01-31 08:39:35 [INFO]: Database connected and ready to use[39m
[32m2025-01-31 08:40:59 [INFO]: Client Sign-Up db Db { s: [Object], client: [MongoClient] }[39m
[32m2025-01-31 08:40:59 [INFO]: Client Sign-Up request received for email: engali1986ac@mail.com[39m
[31m2025-01-31 08:41:01 [ERROR]: Error sending email, attempt 1: Invalid login: 535-5.7.8 Username and Password not accepted. For more information, go to[39m
[31m535 5.7.8  https://support.google.com/mail/?p=BadCredentials ffacd0b85a97d-38c5c11b851sm3799690f8f.43 - gsmtp[39m
[31m2025-01-31 08:41:02 [ERROR]: Error sending email, attempt 2: Invalid login: 535-5.7.8 Username and Password not accepted. For more information, go to[39m
[31m535 5.7.8  https://support.google.com/mail/?p=BadCredentials 5b1f17b1804b1-438dcc13139sm80380975e9.3 - gsmtp[39m
[31m2025-01-31 08:41:03 [ERROR]: Error sending email, attempt 3: Invalid login: 535-5.7.8 Username and Password not accepted. For more information, go to[39m
[31m535 5.7.8  https://support.google.com/mail/?p=BadCredentials ffacd0b85a97d-38c5c122539sm3864184f8f.46 - gsmtp[39m
[31m2025-01-31 08:41:03 [ERROR]: Error during Client Sign-Up: Failed to send email after multiple attempts[39m
[32m2025-01-31 08:41:46 [INFO]: Client Sign-Up db Db { s: [Object], client: [MongoClient] }[39m
[32m2025-01-31 08:41:46 [INFO]: Client Sign-Up request received for email: engali1986ac@mail.com[39m
[31m2025-01-31 08:41:48 [ERROR]: Error sending email, attempt 1: Invalid login: 535-5.7.8 Username and Password not accepted. For more information, go to[39m
[31m535 5.7.8  https://support.google.com/mail/?p=BadCredentials 5b1f17b1804b1-438dcc2ef08sm81755945e9.22 - gsmtp[39m
[31m2025-01-31 08:41:48 [ERROR]: Error sending email, attempt 2: Invalid login: 535-5.7.8 Username and Password not accepted. For more information, go to[39m
[31m535 5.7.8  https://support.google.com/mail/?p=BadCredentials 5b1f17b1804b1-438dcc13146sm80137485e9.4 - gsmtp[39m
[31m2025-01-31 08:41:49 [ERROR]: Error sending email, attempt 3: Invalid login: 535-5.7.8 Username and Password not accepted. For more information, go to[39m
[31m535 5.7.8  https://support.google.com/mail/?p=BadCredentials ffacd0b85a97d-38c5c11b58esm3765402f8f.42 - gsmtp[39m
[31m2025-01-31 08:41:49 [ERROR]: Error during Client Sign-Up: Failed to send email after multiple attempts[39m
[32m2025-01-31 08:43:02 [INFO]: Connecting to MongoDB...[39m
[32m2025-01-31 08:43:04 [INFO]: MongoDB connection established successfully[39m
[32m2025-01-31 08:43:04 [INFO]: Database connected and ready to use[39m
[32m2025-01-31 08:43:12 [INFO]: Client Sign-Up db Db { s: [Object], client: [MongoClient] }[39m
[32m2025-01-31 08:43:12 [INFO]: Client Sign-Up request received for email: engali1986ac@mail.com[39m
[31m2025-01-31 08:43:13 [ERROR]: Error sending email, attempt 1: Invalid login: 535-5.7.8 Username and Password not accepted. For more information, go to[39m
[31m535 5.7.8  https://support.google.com/mail/?p=BadCredentials ffacd0b85a97d-38c5c0ec315sm3815038f8f.4 - gsmtp[39m
[31m2025-01-31 08:43:15 [ERROR]: Error sending email, attempt 2: Invalid login: 535-5.7.8 Username and Password not accepted. For more information, go to[39m
[31m535 5.7.8  https://support.google.com/mail/?p=BadCredentials 5b1f17b1804b1-438dcc263f0sm80614245e9.9 - gsmtp[39m
[31m2025-01-31 08:43:16 [ERROR]: Error sending email, attempt 3: Invalid login: 535-5.7.8 Username and Password not accepted. For more information, go to[39m
[31m535 5.7.8  https://support.google.com/mail/?p=BadCredentials ffacd0b85a97d-38c5c1e8f53sm3764257f8f.100 - gsmtp[39m
[31m2025-01-31 08:43:16 [ERROR]: Error during Client Sign-Up: Failed to send email after multiple attempts[39m
[32m2025-01-31 08:44:04 [INFO]: Connecting to MongoDB...[39m
[32m2025-01-31 08:44:07 [INFO]: MongoDB connection established successfully[39m
[32m2025-01-31 08:44:07 [INFO]: Database connected and ready to use[39m
[32m2025-01-31 08:44:11 [INFO]: Client Sign-Up db Db { s: [Object], client: [MongoClient] }[39m
[32m2025-01-31 08:44:11 [INFO]: Client Sign-Up request received for email: engali1986ac@mail.com[39m
[31m2025-01-31 08:44:14 [ERROR]: Error sending email, attempt 1: Invalid login: 535-5.7.8 Username and Password not accepted. For more information, go to[39m
[31m535 5.7.8  https://support.google.com/mail/?p=BadCredentials 5b1f17b1804b1-438dcc12f88sm80923665e9.2 - gsmtp[39m
[31m2025-01-31 08:44:15 [ERROR]: Error sending email, attempt 2: Invalid login: 535-5.7.8 Username and Password not accepted. For more information, go to[39m
[31m535 5.7.8  https://support.google.com/mail/?p=BadCredentials ffacd0b85a97d-38c5c12191dsm3918898f8f.51 - gsmtp[39m
[31m2025-01-31 08:44:16 [ERROR]: Error sending email, attempt 3: Invalid login: 535-5.7.8 Username and Password not accepted. For more information, go to[39m
[31m535 5.7.8  https://support.google.com/mail/?p=BadCredentials 5b1f17b1804b1-438e245f14esm44553705e9.34 - gsmtp[39m
[31m2025-01-31 08:44:17 [ERROR]: Error during Client Sign-Up: Failed to send email after multiple attempts[39m
[32m2025-01-31 09:14:41 [INFO]: Connecting to MongoDB...[39m
[32m2025-01-31 09:14:42 [INFO]: MongoDB connection established successfully[39m
[32m2025-01-31 09:14:42 [INFO]: Database connected and ready to use[39m
[32m2025-01-31 09:14:46 [INFO]: Client Sign-Up db Db { s: [Object], client: [MongoClient] }[39m
[32m2025-01-31 09:14:46 [INFO]: Client Sign-Up request received for email: engali1986ac@mail.com[39m
[31m2025-01-31 09:14:47 [ERROR]: Error during Client Sign-Up: unauthorized_client[39m
[32m2025-01-31 09:16:42 [INFO]: Connecting to MongoDB...[39m
[32m2025-01-31 09:16:46 [INFO]: MongoDB connection established successfully[39m
[32m2025-01-31 09:16:46 [INFO]: Database connected and ready to use[39m
[32m2025-01-31 09:16:47 [INFO]: Client Sign-Up db Db { s: [Object], client: [MongoClient] }[39m
[32m2025-01-31 09:16:47 [INFO]: Client Sign-Up request received for email: engali1986ac@mail.com[39m
[31m2025-01-31 09:16:47 [ERROR]: Error during Client Sign-Up: unauthorized_client[39m
[32m2025-01-31 09:21:20 [INFO]: Connecting to MongoDB...[39m
[32m2025-01-31 09:21:22 [INFO]: MongoDB connection established successfully[39m
[32m2025-01-31 09:21:22 [INFO]: Database connected and ready to use[39m
[32m2025-01-31 09:21:28 [INFO]: Client Sign-Up db Db { s: [Object], client: [MongoClient] }[39m
[32m2025-01-31 09:21:28 [INFO]: Client Sign-Up request received for email: engali1986ac@mail.com[39m
[31m2025-01-31 09:21:28 [ERROR]: Error during Client Sign-Up: unauthorized_client[39m
[32m2025-01-31 17:26:15 [INFO]: Connecting to MongoDB...[39m
[32m2025-01-31 17:26:24 [INFO]: MongoDB connection established successfully[39m
[32m2025-01-31 17:26:24 [INFO]: Database connected and ready to use[39m
[32m2025-01-31 17:27:18 [INFO]: Client Sign-Up db Db { s: [Object], client: [MongoClient] }[39m
[32m2025-01-31 17:27:18 [INFO]: Client Sign-Up request received for email: engali1986ac@mail.com[39m
[32m2025-01-31 17:27:23 [INFO]: Verification email sent to: engali1986ac@mail.com[39m
[32m2025-02-01 07:04:56 [INFO]: Connecting to MongoDB...[39m
[32m2025-02-01 07:04:57 [INFO]: MongoDB connection established successfully[39m
[32m2025-02-01 07:04:57 [INFO]: Database connected and ready to use[39m
[32m2025-02-01 07:06:18 [INFO]: Client Sign-Up db Db { s: [Object], client: [MongoClient] }[39m
[32m2025-02-01 07:06:18 [INFO]: Client Sign-Up request received for email: engali1986ac@mail.com[39m
[32m2025-02-01 07:06:21 [INFO]: Verification email sent to: engali1986ac@mail.com[39m
[32m2025-02-01 07:07:50 [INFO]: Client Sign-Up db Db { s: [Object], client: [MongoClient] }[39m
[32m2025-02-01 07:07:50 [INFO]: Client Sign-Up request received for email: engali1986ac@mail.com[39m
[32m2025-02-01 07:07:52 [INFO]: Verification email sent to: engali1986ac@mail.com[39m
[32m2025-02-01 07:08:14 [INFO]: Client Sign-Up db Db { s: [Object], client: [MongoClient] }[39m
[32m2025-02-01 07:08:14 [INFO]: Client Sign-Up request received for email: engali1986ac@mail.com[39m
[33m2025-02-01 07:08:14 [WARN]: Client already exists: engali1986ac@mail.com[39m
[32m2025-02-01 07:10:08 [INFO]: Client Sign-Up db Db { s: [Object], client: [MongoClient] }[39m
[32m2025-02-01 07:10:08 [INFO]: Client Sign-Up request received for email: engali1986ac@mail.com[39m
[33m2025-02-01 07:10:08 [WARN]: Client already exists: engali1986ac@mail.com[39m
[32m2025-02-01 07:11:02 [INFO]: Client Sign-Up db Db { s: [Object], client: [MongoClient] }[39m
[32m2025-02-01 07:11:02 [INFO]: Client Sign-Up request received for email: engali1986ac@mail.com[39m
[33m2025-02-01 07:11:02 [WARN]: Client already exists: engali1986ac@mail.com[39m
[32m2025-02-01 07:11:58 [INFO]: Client Sign-Up db Db { s: [Object], client: [MongoClient] }[39m
[32m2025-02-01 07:11:58 [INFO]: Client Sign-Up request received for email: engali1986ac@mail.com[39m
[33m2025-02-01 07:11:58 [WARN]: Client already exists: engali1986ac@mail.com[39m
[32m2025-02-01 07:14:23 [INFO]: Client Sign-Up db Db { s: [Object], client: [MongoClient] }[39m
[32m2025-02-01 07:14:23 [INFO]: Client Sign-Up request received for email: engali1986ac@mail.com[39m
[33m2025-02-01 07:14:23 [WARN]: Client already exists: engali1986ac@mail.com[39m
[32m2025-02-01 07:15:30 [INFO]: Client Sign-Up db Db { s: [Object], client: [MongoClient] }[39m
[32m2025-02-01 07:15:30 [INFO]: Client Sign-Up request received for email: engali1986ac@mail.com[39m
[33m2025-02-01 07:15:30 [WARN]: Client already exists: engali1986ac@mail.com[39m
[32m2025-02-01 07:17:50 [INFO]: Client Sign-Up db Db { s: [Object], client: [MongoClient] }[39m
[32m2025-02-01 07:17:50 [INFO]: Client Sign-Up request received for email: engali1986ac@mail.com[39m
[33m2025-02-01 07:17:50 [WARN]: Client already exists: engali1986ac@mail.com[39m
[32m2025-02-05 06:25:03 [INFO]: Connecting to MongoDB...[39m
[32m2025-02-05 06:25:05 [INFO]: MongoDB connection established successfully[39m
[32m2025-02-05 06:25:05 [INFO]: Database connected and ready to use[39m
[32m2025-02-05 06:26:38 [INFO]: Client Sign-Up db Db { s: [Object], client: [MongoClient] }[39m
[32m2025-02-05 06:26:38 [INFO]: Client Sign-Up request received for email: engali1986ac@mail.com[39m
[32m2025-02-05 06:26:41 [INFO]: Verification email sent to: engali1986ac@mail.com[39m
[32m2025-02-05 19:49:48 [INFO]: Connecting to MongoDB...[39m
[32m2025-02-05 19:49:50 [INFO]: MongoDB connection established successfully[39m
[32m2025-02-05 19:49:50 [INFO]: Database connected and ready to use[39m
[32m2025-02-05 19:50:55 [INFO]: Connecting to MongoDB...[39m
[32m2025-02-05 19:50:57 [INFO]: MongoDB connection established successfully[39m
[32m2025-02-05 19:50:57 [INFO]: Database connected and ready to use[39m
[32m2025-02-05 19:53:37 [INFO]: Connecting to MongoDB...[39m
[32m2025-02-05 19:53:40 [INFO]: MongoDB connection established successfully[39m
[32m2025-02-05 19:53:40 [INFO]: Database connected and ready to use[39m
[32m2025-02-05 19:58:28 [INFO]: Connecting to MongoDB...[39m
[32m2025-02-05 19:58:31 [INFO]: MongoDB connection established successfully[39m
[32m2025-02-05 19:58:31 [INFO]: Database connected and ready to use[39m
[32m2025-02-05 20:02:37 [INFO]: Connecting to MongoDB...[39m
[32m2025-02-05 20:02:39 [INFO]: MongoDB connection established successfully[39m
[32m2025-02-05 20:02:39 [INFO]: Database connected and ready to use[39m
[32m2025-02-05 20:04:35 [INFO]: Connecting to MongoDB...[39m
[32m2025-02-05 20:04:37 [INFO]: MongoDB connection established successfully[39m
[32m2025-02-05 20:04:37 [INFO]: Database connected and ready to use[39m
[32m2025-02-05 20:12:28 [INFO]: Connecting to MongoDB...[39m
[32m2025-02-05 20:12:31 [INFO]: MongoDB connection established successfully[39m
[32m2025-02-05 20:12:31 [INFO]: Database connected and ready to use[39m
[32m2025-02-05 20:13:01 [INFO]: Client Sign-Up db Db { s: [Object], client: [MongoClient] }[39m
[32m2025-02-05 20:13:01 [INFO]: Client Sign-Up request received for email: engali1986ac@mail.com[39m
[32m2025-02-05 20:13:08 [INFO]: Verification email sent to: engali1986ac@mail.com[39m
[32m2025-02-05 20:26:43 [INFO]: Connecting to MongoDB...[39m
[32m2025-02-05 20:26:44 [INFO]: MongoDB connection established successfully[39m
[32m2025-02-05 20:26:44 [INFO]: Database connected and ready to use[39m
[32m2025-02-05 20:32:23 [INFO]: Connecting to MongoDB...[39m
[32m2025-02-05 20:32:25 [INFO]: MongoDB connection established successfully[39m
[32m2025-02-05 20:32:25 [INFO]: Database connected and ready to use[39m
[32m2025-02-05 20:37:42 [INFO]: Connecting to MongoDB...[39m
[32m2025-02-05 20:37:45 [INFO]: MongoDB connection established successfully[39m
[32m2025-02-05 20:37:45 [INFO]: Database connected and ready to use[39m
[32m2025-02-05 20:40:57 [INFO]: Connecting to MongoDB...[39m
[32m2025-02-07 09:18:28 [INFO]: Connecting to MongoDB...[39m
[32m2025-02-07 09:18:30 [INFO]: MongoDB connection established successfully[39m
[32m2025-02-07 09:18:30 [INFO]: Database connected and ready to use[39m
[32m2025-02-07 09:55:10 [INFO]: Connecting to MongoDB...[39m
[32m2025-02-07 09:55:11 [INFO]: MongoDB connection established successfully[39m
[32m2025-02-07 09:55:11 [INFO]: Database connected and ready to use[39m
[32m2025-02-07 10:13:34 [INFO]: Connecting to MongoDB...[39m
[32m2025-02-07 10:13:36 [INFO]: MongoDB connection established successfully[39m
[32m2025-02-07 10:13:36 [INFO]: Database connected and ready to use[39m
[32m2025-02-07 10:36:25 [INFO]: Driver Sign-Up db Db { s: [Object], client: [MongoClient] }[39m
[32m2025-02-07 10:36:25 [INFO]: Driver Sign-Up request received for email: undefined[39m
[31m2025-02-07 10:36:26 [ERROR]: Error during Driver Sign-Up: Illegal arguments: undefined, number[39m
[32m2025-02-07 14:32:10 [INFO]: Connecting to MongoDB...[39m
[32m2025-02-07 14:32:12 [INFO]: MongoDB connection established successfully[39m
[32m2025-02-07 14:32:12 [INFO]: Database connected and ready to use[39m
[32m2025-02-07 14:32:59 [INFO]: Driver Sign-Up db Db { s: [Object], client: [MongoClient] }[39m
[32m2025-02-07 14:32:59 [INFO]: Driver Sign-Up request received for email: undefined[39m
[33m2025-02-07 14:32:59 [WARN]: Missing required fields.[39m
[32m2025-02-07 14:34:45 [INFO]: Connecting to MongoDB...[39m
[32m2025-02-07 14:34:47 [INFO]: Driver Sign-Up db undefined[39m
[32m2025-02-07 14:35:27 [INFO]: Connecting to MongoDB...[39m
[32m2025-02-07 14:35:28 [INFO]: MongoDB connection established successfully[39m
[32m2025-02-07 14:35:28 [INFO]: Database connected and ready to use[39m
[32m2025-02-07 14:35:32 [INFO]: Driver Sign-Up db Db { s: [Object], client: [MongoClient] }[39m
[32m2025-02-07 14:35:32 [INFO]: Driver Sign-Up request received for email: undefined[39m
[33m2025-02-07 14:35:32 [WARN]: Missing required fields.[39m
[32m2025-02-07 14:35:56 [INFO]: Connecting to MongoDB...[39m
[32m2025-02-07 14:35:58 [INFO]: MongoDB connection established successfully[39m
[32m2025-02-07 14:35:58 [INFO]: Database connected and ready to use[39m
[32m2025-02-07 14:36:01 [INFO]: Driver Sign-Up db Db { s: [Object], client: [MongoClient] }[39m
[32m2025-02-07 14:36:01 [INFO]: Driver Sign-Up request received for email: undefined[39m
[33m2025-02-07 14:36:01 [WARN]: Missing required fields.[39m
[32m2025-02-07 14:38:35 [INFO]: Connecting to MongoDB...[39m
[32m2025-02-07 14:38:39 [INFO]: MongoDB connection established successfully[39m
[32m2025-02-07 14:38:39 [INFO]: Database connected and ready to use[39m
[32m2025-02-07 14:38:41 [INFO]: Driver Sign-Up db Db { s: [Object], client: [MongoClient] }[39m
[32m2025-02-07 14:38:41 [INFO]: Driver Sign-Up request received for email: undefined[39m
[33m2025-02-07 14:38:41 [WARN]: Missing required fields.[39m
[32m2025-02-07 14:42:02 [INFO]: Driver Sign-Up db Db { s: [Object], client: [MongoClient] }[39m
[32m2025-02-07 14:42:02 [INFO]: Driver Sign-Up request received for email: undefined[39m
[33m2025-02-07 14:42:02 [WARN]: Missing required fields.[39m
[32m2025-02-07 14:44:55 [INFO]: Connecting to MongoDB...[39m
[32m2025-02-07 14:44:59 [INFO]: MongoDB connection established successfully[39m
[32m2025-02-07 14:44:59 [INFO]: Database connected and ready to use[39m
[32m2025-02-07 14:45:01 [INFO]: Files uploaded and form data processed successfully.[39m
[32m2025-02-07 14:45:01 [INFO]: Driver Sign-Up db Db { s: [Object], client: [MongoClient] }[39m
[32m2025-02-07 14:45:01 [INFO]: Driver Sign-Up request received for email: engali1986ac@mail.com[39m
[32m2025-02-07 14:45:03 [INFO]: Google Drive folder created for driver 01101806523, ID: 1fxYQ8vr04jyStgezZ0pFqsTOJAunJPx7[39m
[32m2025-02-07 14:45:08 [INFO]: Uploaded ComfyUI_00001_.png to Google Drive Folder ID: 1fxYQ8vr04jyStgezZ0pFqsTOJAunJPx7, File ID: 16d8M_3if68AF4iEZU8ka13Mcx0BuxAyt[39m
[32m2025-02-07 14:45:14 [INFO]: Uploaded ComfyUI_00003_.png to Google Drive Folder ID: 1fxYQ8vr04jyStgezZ0pFqsTOJAunJPx7, File ID: 1BkHzLuhh3p2kVbwFWe3Rs0D0aefMBoXD[39m
[32m2025-02-07 14:45:20 [INFO]: Uploaded ComfyUI_00002_.png to Google Drive Folder ID: 1fxYQ8vr04jyStgezZ0pFqsTOJAunJPx7, File ID: 15DgoeQRUcgxX1D_TyMvpf9riQkzmIzWs[39m
[32m2025-02-07 14:45:25 [INFO]: Uploaded ComfyUI_00004_.png to Google Drive Folder ID: 1fxYQ8vr04jyStgezZ0pFqsTOJAunJPx7, File ID: 1v002wI6qKXlSapdOtrzZsHyYXG4mCnXo[39m
[32m2025-02-07 14:45:27 [INFO]: Verification email sent to: engali1986ac@mail.com[39m
[32m2025-02-07 19:51:39 [INFO]: Connecting to MongoDB...[39m
[32m2025-02-07 19:51:41 [INFO]: MongoDB connection established successfully[39m
[32m2025-02-07 19:51:41 [INFO]: Database connected and ready to use[39m
[32m2025-02-07 19:52:43 [INFO]: Connecting to MongoDB...[39m
[32m2025-02-07 19:52:44 [INFO]: MongoDB connection established successfully[39m
[32m2025-02-07 19:52:44 [INFO]: Database connected and ready to use[39m
[32m2025-02-07 20:01:50 [INFO]: Files uploaded and form data processed successfully.[39m
[32m2025-02-07 20:01:50 [INFO]: Driver Sign-Up db Db { s: [Object], client: [MongoClient] }[39m
[32m2025-02-07 20:01:50 [INFO]: Driver Sign-Up request received for email: engali1986ac@mail.com[39m
[32m2025-02-07 20:01:52 [INFO]: Google Drive folder created for driver 01101806523, ID: 1GkoKXYmyADH8M7tEiaacg1McnKz5meDy[39m
[32m2025-02-07 20:01:54 [INFO]: Uploaded license.jpg to Google Drive Folder ID: 1GkoKXYmyADH8M7tEiaacg1McnKz5meDy, File ID: 1Oxx-3gXI8VekAJiXCkoU226nOgIp-Dh_[39m
[32m2025-02-07 20:01:56 [INFO]: Uploaded registration.jpg to Google Drive Folder ID: 1GkoKXYmyADH8M7tEiaacg1McnKz5meDy, File ID: 1EQyHqNwJ9bN5vcvcyMH2pGN9P6bUMmbv[39m
[32m2025-02-07 20:01:58 [INFO]: Uploaded criminal.jpg to Google Drive Folder ID: 1GkoKXYmyADH8M7tEiaacg1McnKz5meDy, File ID: 1sakEXFhlCchdCb3gA2J8_jpPLLioaOjl[39m
[32m2025-02-07 20:02:00 [INFO]: Uploaded personal.jpg to Google Drive Folder ID: 1GkoKXYmyADH8M7tEiaacg1McnKz5meDy, File ID: 1Jbbb6LDNbH3Jicwrmx_CVzc1TvHildaT[39m
[32m2025-02-07 20:02:02 [INFO]: Verification email sent to: engali1986ac@mail.com[39m
[32m2025-02-07 20:05:38 [INFO]: Files uploaded and form data processed successfully.[39m
[32m2025-02-07 20:05:38 [INFO]: Driver Sign-Up db Db { s: [Object], client: [MongoClient] }[39m
[32m2025-02-07 20:05:38 [INFO]: Driver Sign-Up request received for email: engali1986ac@mail.com[39m
[32m2025-02-07 20:05:39 [INFO]: Google Drive folder created for driver 01101806523, ID: 1f7i03DU5q6TVJXxbbBkS-GgMOXrDZlcw[39m
[32m2025-02-07 20:05:41 [INFO]: Uploaded license.jpg to Google Drive Folder ID: 1f7i03DU5q6TVJXxbbBkS-GgMOXrDZlcw, File ID: 1aGGpV_jvHr081cRFO1vU5XNxcP25OxOr[39m
[32m2025-02-07 20:05:43 [INFO]: Uploaded registration.jpg to Google Drive Folder ID: 1f7i03DU5q6TVJXxbbBkS-GgMOXrDZlcw, File ID: 1Vpv_00pm0qBFu6AsjBnvGctEIIjjvvIQ[39m
[32m2025-02-07 20:05:45 [INFO]: Uploaded criminal.jpg to Google Drive Folder ID: 1f7i03DU5q6TVJXxbbBkS-GgMOXrDZlcw, File ID: 1SsjcB8NCIPwtq3qjyEFm_SGip5amnGhQ[39m
[32m2025-02-07 20:05:47 [INFO]: Uploaded personal.jpg to Google Drive Folder ID: 1f7i03DU5q6TVJXxbbBkS-GgMOXrDZlcw, File ID: 1Oy1BwEF7ZhF-10wsK-3ylTXrvNMbePWX[39m
[32m2025-02-07 20:05:48 [INFO]: Verification email sent to: engali1986ac@mail.com[39m
[32m2025-02-07 20:07:48 [INFO]: Files uploaded and form data processed successfully.[39m
[32m2025-02-07 20:07:48 [INFO]: Driver Sign-Up db Db { s: [Object], client: [MongoClient] }[39m
[32m2025-02-07 20:07:48 [INFO]: Driver Sign-Up request received for email: engali1986ac@mail.com[39m
[32m2025-02-07 20:07:49 [INFO]: Google Drive folder created for driver 01101806523, ID: 12guR2p0xX5Cl7Zu0-TWggvtFMD93pBQm[39m
[32m2025-02-07 20:07:51 [INFO]: Uploaded license.jpg to Google Drive Folder ID: 12guR2p0xX5Cl7Zu0-TWggvtFMD93pBQm, File ID: 1GOxsHUpbdMAbs-jl1a0HqaL00ST5VivZ[39m
[32m2025-02-07 20:07:53 [INFO]: Uploaded registration.jpg to Google Drive Folder ID: 12guR2p0xX5Cl7Zu0-TWggvtFMD93pBQm, File ID: 1XHnJe5vPd4KnU6gvddYZAMumdPkszFSH[39m
[32m2025-02-07 20:07:55 [INFO]: Uploaded criminal.jpg to Google Drive Folder ID: 12guR2p0xX5Cl7Zu0-TWggvtFMD93pBQm, File ID: 1l3IY5cRCB_zfgWgrU8tcPaejytVszUq9[39m
[32m2025-02-07 20:07:57 [INFO]: Uploaded personal.jpg to Google Drive Folder ID: 12guR2p0xX5Cl7Zu0-TWggvtFMD93pBQm, File ID: 1yS0J0HD7LW6bDAWuHOjj8gNRdFgiS9io[39m
[32m2025-02-07 20:07:59 [INFO]: Verification email sent to: engali1986ac@mail.com[39m
[32m2025-02-08 09:21:48 [INFO]: Connecting to MongoDB...[39m
[32m2025-02-08 09:21:50 [INFO]: MongoDB connection established successfully[39m
[32m2025-02-08 09:21:50 [INFO]: Database connected and ready to use[39m
[32m2025-02-08 10:17:40 [INFO]: Files uploaded and form data processed successfully.[39m
[32m2025-02-08 10:17:40 [INFO]: Driver Sign-Up db Db { s: [Object], client: [MongoClient] }[39m
[32m2025-02-08 10:17:40 [INFO]: Driver Sign-Up request received for email: engali1986ac@mail.com[39m
[32m2025-02-08 10:17:41 [INFO]: Google Drive folder created for driver 01101806523, ID: 1BRYCFM8nB11ybH219w0n-swd3axBMXnN[39m
[32m2025-02-08 10:17:44 [INFO]: Uploaded license.jpg to Google Drive Folder ID: 1BRYCFM8nB11ybH219w0n-swd3axBMXnN, File ID: 1TKIE50zbG3oQEmZ1IQTkSwCPKZehNOmP[39m
[32m2025-02-08 10:17:46 [INFO]: Uploaded registration.jpg to Google Drive Folder ID: 1BRYCFM8nB11ybH219w0n-swd3axBMXnN, File ID: 1sGd1OMAk7q-q__6rLw040jG5yIkYny3n[39m
[32m2025-02-08 10:17:48 [INFO]: Uploaded criminal.jpg to Google Drive Folder ID: 1BRYCFM8nB11ybH219w0n-swd3axBMXnN, File ID: 1ZFVQ4kp_g6IeG9IT9_R9yaAOJ7n5wUGX[39m
[32m2025-02-08 10:17:50 [INFO]: Uploaded personal.jpg to Google Drive Folder ID: 1BRYCFM8nB11ybH219w0n-swd3axBMXnN, File ID: 1kguj5p5cMWS6n1OI-tjlotEbJQ4Ivhnf[39m
[32m2025-02-08 10:17:53 [INFO]: Verification email sent to: engali1986ac@mail.com[39m
[32m2025-02-08 10:18:35 [INFO]: Driver Sign-Up deriver verification received for email: engali1986ac@mail.com[39m
[32m2025-02-08 10:20:22 [INFO]: Connecting to MongoDB...[39m
[32m2025-02-08 10:20:25 [INFO]: MongoDB connection established successfully[39m
[32m2025-02-08 10:20:25 [INFO]: Database connected and ready to use[39m
[32m2025-02-08 10:21:49 [INFO]: Files uploaded and form data processed successfully.[39m
[32m2025-02-08 10:21:49 [INFO]: Driver Sign-Up db Db { s: [Object], client: [MongoClient] }[39m
[32m2025-02-08 10:21:49 [INFO]: Driver Sign-Up request received for email: engali1986ac@mail.com[39m
[32m2025-02-08 10:21:50 [INFO]: Google Drive folder created for driver 01101806523, ID: 16vg8FnSkHCP9c8I2wQPWrFKOvozhwm8r[39m
[32m2025-02-08 10:21:52 [INFO]: Uploaded license.jpg to Google Drive Folder ID: 16vg8FnSkHCP9c8I2wQPWrFKOvozhwm8r, File ID: 1xpD0Qz5kuQFK7gkULBMHEM_z6XdsBiWZ[39m
[32m2025-02-08 10:21:54 [INFO]: Uploaded registration.jpg to Google Drive Folder ID: 16vg8FnSkHCP9c8I2wQPWrFKOvozhwm8r, File ID: 1kiKfAwuieVFQL9wMemzpY4-LJg-NRU2D[39m
[32m2025-02-08 10:21:56 [INFO]: Uploaded criminal.jpg to Google Drive Folder ID: 16vg8FnSkHCP9c8I2wQPWrFKOvozhwm8r, File ID: 112OaezLqyO0BRCXgftf-l8DtYdOBsnOq[39m
[32m2025-02-08 10:21:59 [INFO]: Uploaded personal.jpg to Google Drive Folder ID: 16vg8FnSkHCP9c8I2wQPWrFKOvozhwm8r, File ID: 1wmekhmR4pfD6X1fL-Ak30-e3cHbSNz7g[39m
[32m2025-02-08 10:22:00 [INFO]: Verification email sent to: engali1986ac@mail.com[39m
[32m2025-02-08 10:22:31 [INFO]: Driver Sign-Up deriver verification received for email: engali1986ac@mail.com[39m
[31m2025-02-08 10:22:31 [ERROR]: Driver Invalid verification code email: engali1986ac@mail.com[39m
[32m2025-02-08 10:23:05 [INFO]: Driver Sign-Up deriver verification received for email: engali1986ac@mail.com[39m
[31m2025-02-08 10:23:05 [ERROR]: Driver Invalid verification code email: engali1986ac@mail.com[39m
[32m2025-02-08 10:24:33 [INFO]: Connecting to MongoDB...[39m
[32m2025-02-08 10:24:35 [INFO]: MongoDB connection established successfully[39m
[32m2025-02-08 10:24:35 [INFO]: Database connected and ready to use[39m
[32m2025-02-08 10:29:41 [INFO]: Files uploaded and form data processed successfully.[39m
[32m2025-02-08 10:29:41 [INFO]: Driver Sign-Up db Db { s: [Object], client: [MongoClient] }[39m
[32m2025-02-08 10:29:41 [INFO]: Driver Sign-Up request received for email: engali1986ac@mail.com[39m
[32m2025-02-08 10:29:43 [INFO]: Google Drive folder created for driver 01101806523, ID: 17vdI4QkVi_us_4ZSy7S7BBHlY-gtO_eR[39m
[32m2025-02-08 10:29:45 [INFO]: Uploaded license.jpg to Google Drive Folder ID: 17vdI4QkVi_us_4ZSy7S7BBHlY-gtO_eR, File ID: 1rcn-r4vyazPKqzCQGKqn2c2NSgiZuEjE[39m
[32m2025-02-08 10:29:47 [INFO]: Uploaded registration.jpg to Google Drive Folder ID: 17vdI4QkVi_us_4ZSy7S7BBHlY-gtO_eR, File ID: 1pfq3Mg7kUwWhEEbrOjLrtdbaBRPWLI3T[39m
[32m2025-02-08 10:29:49 [INFO]: Uploaded criminal.jpg to Google Drive Folder ID: 17vdI4QkVi_us_4ZSy7S7BBHlY-gtO_eR, File ID: 18ze0vIloxLvkBjTqCHygklkLHRUicLUk[39m
[32m2025-02-08 10:29:51 [INFO]: Uploaded personal.jpg to Google Drive Folder ID: 17vdI4QkVi_us_4ZSy7S7BBHlY-gtO_eR, File ID: 13_gEIp4MTgkboMt-Jt4tTSQv9lXEAxdM[39m
[32m2025-02-08 10:29:52 [INFO]: Verification email sent to: engali1986ac@mail.com[39m
[32m2025-02-08 10:30:30 [INFO]: Driver Sign-Up deriver verification received for email: engali1986ac@mail.com[39m
[32m2025-02-08 10:30:30 [INFO]: Driver Verification result: {[39m
[32m  acknowledged: true,[39m
[32m  modifiedCount: 1,[39m
[32m  upsertedId: null,[39m
[32m  upsertedCount: 0,[39m
[32m  matchedCount: 1[39m
[32m}[39m
